<?xml version="1.0" encoding="UTF-8"?>
<!-- Generated by org.testng.reporters.JUnitReportReporter -->
<testsuite hostname="DESKTOP-PBF243E" failures="0" tests="3" name="automationFramwork.ParameterByDataprovider" time="9.529" errors="0" timestamp="31 Oct 2023 13:59:01 GMT" skipped="0">
  <testcase classname="automationFramwork.ParameterByDataprovider" name="testMethod" time="3.193"/>
  <testcase classname="automationFramwork.ParameterByDataprovider" name="testMethod" time="3.170"/>
  <testcase classname="automationFramwork.ParameterByDataprovider" name="testMethod" time="3.166"/>
</testsuite> <!-- automationFramwork.ParameterByDataprovider -->
