<?xml version="1.0" encoding="UTF-8"?>
<!-- Generated by org.testng.reporters.JUnitReportReporter -->
<testsuite hostname="DESKTOP-PBF243E" failures="0" tests="2" name="automationFramwork.Sequncing" time="0.003" errors="0" timestamp="29 Oct 2023 14:18:09 GMT" skipped="0">
  <testcase classname="automationFramwork.Sequncing" name="testCase2" time="0.001"/>
  <testcase classname="automationFramwork.Sequncing" name="testCase1" time="0.002"/>
</testsuite> <!-- automationFramwork.Sequncing -->
