<?xml version="1.0" encoding="UTF-8"?>
<!-- Generated by org.testng.reporters.JUnitReportReporter -->
<testsuite hostname="DESKTOP-PBF243E" failures="0" tests="3" name="automationFramwork.Dependent" time="0.007" errors="0" timestamp="29 Oct 2023 12:48:11 GMT" skipped="0">
  <testcase classname="automationFramwork.Dependent" name="logout" time="0.001"/>
  <testcase classname="automationFramwork.Dependent" name="OpenBrawser" time="0.006"/>
  <testcase classname="automationFramwork.Dependent" name="SignIn" time="0.000"/>
</testsuite> <!-- automationFramwork.Dependent -->
