<?xml version="1.0" encoding="UTF-8"?>
<!-- Generated by org.testng.reporters.JUnitReportReporter -->
<testsuite hostname="DESKTOP-PBF243E" failures="0" tests="1" name="automationFramwork.firsttestngfile" time="6.419" errors="0" timestamp="31 Oct 2023 13:52:25 GMT" skipped="0">
  <testcase classname="automationFramwork.firsttestngfile" name="verifyHomepageTitle" time="6.419"/>
</testsuite> <!-- automationFramwork.firsttestngfile -->
