<?xml version="1.0" encoding="UTF-8"?>
<!-- Generated by org.testng.reporters.JUnitReportReporter -->
<testsuite hostname="DESKTOP-PBF243E" failures="0" tests="4" name="automationFramwork.BallardDesignsSite" time="25.331" errors="0" timestamp="01 Nov 2023 07:06:16 GMT" skipped="0">
  <testcase classname="automationFramwork.BallardDesignsSite" name="verifyLogoIsDisplayed" time="0.806"/>
  <testcase classname="automationFramwork.BallardDesignsSite" name="verifySignInPage" time="12.330"/>
  <testcase classname="automationFramwork.BallardDesignsSite" name="loginWithValidCredentials" time="11.062"/>
  <testcase classname="automationFramwork.BallardDesignsSite" name="verifyUserLoggedIn" time="1.133"/>
</testsuite> <!-- automationFramwork.BallardDesignsSite -->
