<?xml version="1.0" encoding="UTF-8"?>
<!-- Generated by org.testng.reporters.JUnitReportReporter -->
<testsuite hostname="DESKTOP-PBF243E" failures="0" tests="1" name="automationFramwork.TestNG" time="0.002" errors="0" timestamp="29 Oct 2023 14:18:09 GMT" skipped="0">
  <testcase classname="automationFramwork.TestNG" name="f" time="0.002"/>
</testsuite> <!-- automationFramwork.TestNG -->
